[17:10:20] [Server thread/INFO]: Starting minecraft server version 1.12.2
[17:10:20] [Server thread/INFO]: Loading properties
[17:10:20] [Server console handler/ERROR]: Exception handling console input
java.io.IOException: The handle is invalid
	at java.io.FileInputStream.readBytes(Native Method) ~[?:?]
	at java.io.FileInputStream.read(FileInputStream.java:273) ~[?:?]
	at java.io.BufferedInputStream.read1(BufferedInputStream.java:283) ~[?:?]
	at java.io.BufferedInputStream.read(BufferedInputStream.java:344) ~[?:?]
	at sun.nio.cs.StreamDecoder.readBytes(StreamDecoder.java:297) ~[?:?]
	at sun.nio.cs.StreamDecoder.implRead(StreamDecoder.java:339) ~[?:?]
	at sun.nio.cs.StreamDecoder.read(StreamDecoder.java:188) ~[?:?]
	at java.io.InputStreamReader.read(InputStreamReader.java:185) ~[?:?]
	at java.io.BufferedReader.fill(BufferedReader.java:161) ~[?:?]
	at java.io.BufferedReader.readLine(BufferedReader.java:326) ~[?:?]
	at java.io.BufferedReader.readLine(BufferedReader.java:392) ~[?:?]
	at nz$2.run(SourceFile:100) [server.jar:?]
[17:10:21] [Server thread/INFO]: Default game type: SURVIVAL
[17:10:21] [Server thread/INFO]: Generating keypair
[17:10:21] [Server thread/INFO]: Starting Minecraft server on *:25565
[17:10:21] [Server thread/INFO]: Using default channel type
[17:10:22] [Server thread/WARN]: **** SERVER IS RUNNING IN OFFLINE/INSECURE MODE!
[17:10:22] [Server thread/WARN]: The server will make no attempt to authenticate usernames. Beware.
[17:10:22] [Server thread/WARN]: While this makes the game possible to play without internet access, it also opens up the ability for hackers to connect with any username they choose.
[17:10:22] [Server thread/WARN]: To change this, set "online-mode" to "true" in the server.properties file.
[17:10:22] [Server thread/WARN]: Failed to load white-list: 
com.google.gson.JsonParseException: com.google.gson.stream.MalformedJsonException: Use JsonReader.setLenient(true) to accept malformed JSON at line 1 column 2 path $[0]
	at rc.a(SourceFile:506) ~[server.jar:?]
	at rc.a(SourceFile:522) ~[server.jar:?]
	at pp.g(SourceFile:141) ~[server.jar:?]
	at ny.D(SourceFile:123) [server.jar:?]
	at ny.<init>(SourceFile:30) [server.jar:?]
	at nz.j(SourceFile:191) [server.jar:?]
	at net.minecraft.server.MinecraftServer.run(SourceFile:434) [server.jar:?]
	at java.lang.Thread.run(Thread.java:830) [?:?]
Caused by: com.google.gson.stream.MalformedJsonException: Use JsonReader.setLenient(true) to accept malformed JSON at line 1 column 2 path $[0]
	at com.google.gson.stream.JsonReader.syntaxError(JsonReader.java:1559) ~[server.jar:?]
	at com.google.gson.stream.JsonReader.checkLenient(JsonReader.java:1401) ~[server.jar:?]
	at com.google.gson.stream.JsonReader.doPeek(JsonReader.java:593) ~[server.jar:?]
	at com.google.gson.stream.JsonReader.hasNext(JsonReader.java:414) ~[server.jar:?]
	at com.google.gson.internal.bind.CollectionTypeAdapterFactory$Adapter.read(CollectionTypeAdapterFactory.java:81) ~[server.jar:?]
	at com.google.gson.internal.bind.CollectionTypeAdapterFactory$Adapter.read(CollectionTypeAdapterFactory.java:61) ~[server.jar:?]
	at rc.a(SourceFile:504) ~[server.jar:?]
	... 7 more
[17:10:22] [Server thread/INFO]: Preparing level "world"
[17:10:23] [Server thread/INFO]: Loaded 488 advancements
[17:10:23] [Server thread/INFO]: Preparing start region for level 0
[17:10:24] [Server thread/INFO]: Preparing spawn area: 22%
[17:10:25] [Server thread/INFO]: Preparing spawn area: 95%
[17:10:25] [Server thread/INFO]: Done (2.572s)! For help, type "help" or "?"
[17:14:41] [Server thread/INFO]: greg[/192.168.0.12:49903] logged in with entity id 247 at (160.03686332361218, 74.0, 419.12864046405963)
[17:14:41] [Server thread/INFO]: greg joined the game
[17:29:29] [Server thread/INFO]: greg lost connection: Disconnected
[17:29:29] [Server thread/INFO]: greg left the game
[17:51:56] [Server thread/INFO]: greg[/192.168.0.12:50579] logged in with entity id 15740 at (164.84337055490985, 74.0, 419.92838591669477)
[17:51:56] [Server thread/INFO]: greg joined the game
[18:13:41] [Server thread/INFO]: greg lost connection: Disconnected
[18:13:41] [Server thread/INFO]: greg left the game
[18:18:24] [Server thread/INFO]: greg[/192.168.0.12:50690] logged in with entity id 43676 at (175.7721486904288, 68.0, 412.83687030173184)
[18:18:24] [Server thread/INFO]: greg joined the game
[18:19:52] [Server thread/INFO]: greg was blown up by Creeper
[18:46:14] [Server thread/INFO]: greg lost connection: Disconnected
[18:46:14] [Server thread/INFO]: greg left the game
[19:30:45] [Server thread/INFO]: greg[/192.168.0.12:50999] logged in with entity id 76410 at (174.97033575669207, 68.5, 413.9681533857559)
[19:30:45] [Server thread/INFO]: greg joined the game
[19:30:49] [Server thread/INFO]: greg lost connection: Disconnected
[19:30:49] [Server thread/INFO]: greg left the game
[19:35:09] [Server thread/INFO]: greg[/192.168.0.12:51026] logged in with entity id 76664 at (178.98492997816658, 68.0, 413.91618000845244)
[19:35:09] [Server thread/INFO]: greg joined the game
[20:13:06] [Server thread/INFO]: greg has completed the challenge [Sniper duel]
[20:14:29] [Server thread/WARN]: greg moved too quickly! -161.4455603938803,-8.0,-369.61019201325394
[20:26:51] [Server thread/INFO]: greg has made the advancement [A Terrible Fortress]
[20:29:12] [Server thread/INFO]: greg withered away
[20:29:36] [Server thread/WARN]: greg moved too quickly! -161.64423193037223,-8.0,-369.5121416854844
[20:35:04] [Server thread/INFO]: greg lost connection: Disconnected
[20:35:04] [Server thread/INFO]: greg left the game
