[03:06:07] [Server thread/INFO]: Loading properties
[03:06:07] [Server console handler/ERROR]: Exception handling console input
java.io.IOException: The handle is invalid
	at java.io.FileInputStream.readBytes(Native Method) ~[?:?]
	at java.io.FileInputStream.read(FileInputStream.java:273) ~[?:?]
	at java.io.BufferedInputStream.read1(BufferedInputStream.java:283) ~[?:?]
	at java.io.BufferedInputStream.read(BufferedInputStream.java:344) ~[?:?]
	at sun.nio.cs.StreamDecoder.readBytes(StreamDecoder.java:297) ~[?:?]
	at sun.nio.cs.StreamDecoder.implRead(StreamDecoder.java:339) ~[?:?]
	at sun.nio.cs.StreamDecoder.read(StreamDecoder.java:188) ~[?:?]
	at java.io.InputStreamReader.read(InputStreamReader.java:185) ~[?:?]
	at java.io.BufferedReader.fill(BufferedReader.java:161) ~[?:?]
	at java.io.BufferedReader.readLine(BufferedReader.java:326) ~[?:?]
	at java.io.BufferedReader.readLine(BufferedReader.java:392) ~[?:?]
	at nz$2.run(SourceFile:100) [server.jar:?]
[03:06:07] [Server thread/INFO]: Default game type: SURVIVAL
[03:06:07] [Server thread/INFO]: Generating keypair
[03:06:07] [Server thread/INFO]: Starting Minecraft server on *:25565
[03:06:07] [Server thread/INFO]: Using default channel type
[03:06:08] [Server thread/WARN]: **** SERVER IS RUNNING IN OFFLINE/INSECURE MODE!
[03:06:08] [Server thread/WARN]: The server will make no attempt to authenticate usernames. Beware.
[03:06:08] [Server thread/WARN]: While this makes the game possible to play without internet access, it also opens up the ability for hackers to connect with any username they choose.
[03:06:08] [Server thread/WARN]: To change this, set "online-mode" to "true" in the server.properties file.
[03:06:08] [Server thread/WARN]: Failed to load white-list: 
com.google.gson.JsonParseException: com.google.gson.stream.MalformedJsonException: Use JsonReader.setLenient(true) to accept malformed JSON at line 1 column 2 path $[0]
	at rc.a(SourceFile:506) ~[server.jar:?]
	at rc.a(SourceFile:522) ~[server.jar:?]
	at pp.g(SourceFile:141) ~[server.jar:?]
	at ny.D(SourceFile:123) [server.jar:?]
	at ny.<init>(SourceFile:30) [server.jar:?]
	at nz.j(SourceFile:191) [server.jar:?]
	at net.minecraft.server.MinecraftServer.run(SourceFile:434) [server.jar:?]
	at java.lang.Thread.run(Thread.java:830) [?:?]
Caused by: com.google.gson.stream.MalformedJsonException: Use JsonReader.setLenient(true) to accept malformed JSON at line 1 column 2 path $[0]
	at com.google.gson.stream.JsonReader.syntaxError(JsonReader.java:1559) ~[server.jar:?]
	at com.google.gson.stream.JsonReader.checkLenient(JsonReader.java:1401) ~[server.jar:?]
	at com.google.gson.stream.JsonReader.doPeek(JsonReader.java:593) ~[server.jar:?]
	at com.google.gson.stream.JsonReader.hasNext(JsonReader.java:414) ~[server.jar:?]
	at com.google.gson.internal.bind.CollectionTypeAdapterFactory$Adapter.read(CollectionTypeAdapterFactory.java:81) ~[server.jar:?]
	at com.google.gson.internal.bind.CollectionTypeAdapterFactory$Adapter.read(CollectionTypeAdapterFactory.java:61) ~[server.jar:?]
	at rc.a(SourceFile:504) ~[server.jar:?]
	... 7 more
[03:06:08] [Server thread/INFO]: Preparing level "world1"
[03:06:08] [Server thread/INFO]: Loaded 488 advancements
[03:06:08] [Server thread/INFO]: Preparing start region for level 0
[03:06:09] [Server thread/INFO]: Preparing spawn area: 0%
[03:06:10] [Server thread/INFO]: Preparing spawn area: 14%
[03:06:12] [Server thread/INFO]: Preparing spawn area: 81%
[03:06:12] [Server thread/INFO]: Done (4.077s)! For help, type "help" or "?"
[03:06:14] [Server thread/WARN]: Can't keep up! Did the system time change, or is the server overloaded? Running 2306ms behind, skipping 46 tick(s)
[03:07:46] [Server thread/INFO]: greg[/96.30.136.23:51594] logged in with entity id 587 at (-218.88662778470007, 5.0, 287.34790061448035)
[03:07:46] [Server thread/INFO]: greg joined the game
[03:09:16] [Server thread/INFO]: greg lost connection: Disconnected
[03:09:16] [Server thread/INFO]: greg left the game
[03:12:54] [Server thread/INFO]: Stopping server
[03:12:54] [Server thread/INFO]: Saving players
[03:12:54] [Server thread/INFO]: Saving worlds
[03:12:54] [Server thread/INFO]: Saving chunks for level 'world1'/overworld
[03:12:54] [Server thread/INFO]: Saving chunks for level 'world1'/the_nether
[03:12:54] [Server thread/INFO]: Saving chunks for level 'world1'/the_end
[03:12:54] [Server Shutdown Thread/INFO]: Stopping server
[03:12:54] [Server Shutdown Thread/INFO]: Saving players
[03:12:54] [Server Shutdown Thread/INFO]: Saving worlds
[03:12:54] [Server Shutdown Thread/INFO]: Saving chunks for level 'world1'/overworld
